{
  message: 'This is just a error message',
  level: 'error',
  timestamp: '2022-07-29T07:11:02.961Z'
}
{
  message: 'This is just a error message',
  level: 'error',
  timestamp: '2022-07-29T07:23:25.366Z'
}
{
  message: 'This is just a error message',
  level: 'error',
  timestamp: '2022-07-29T07:28:22.368Z'
}
{
  message: 'This is just a error message',
  level: 'error',
  timestamp: '2022-07-29T07:29:24.278Z'
}
{
  message: 'This is just a error message',
  level: 'error',
  timestamp: '2022-07-29T07:30:16.644Z'
}
{
  message: 'Process undefined',
  level: 'error',
  timestamp: '2022-07-29T07:30:16.644Z'
}
{
  message: 'This is just a error message',
  level: 'error',
  timestamp: '2022-07-29T07:37:36.944Z'
}
{
  message: 'Process undefined',
  level: 'error',
  timestamp: '2022-07-29T07:37:36.945Z'
}
{
  message: 'This is just a error message',
  level: 'error',
  timestamp: '2022-07-29T07:37:56.586Z'
}
{
  message: 'Process development',
  level: 'error',
  timestamp: '2022-07-29T07:37:56.586Z'
}
